<?xml version="1.0" encoding="utf-8"?>
<test-run id="2" name="PencilKata.exe" fullname="PencilKata.exe" testcasecount="20" result="Passed" start-time="2018-11-06 20:41:39Z" end-time="2018-11-06 20:41:39Z" duration="0.047477" total="20" passed="20" failed="0" inconclusive="0" skipped="0" asserts="23" random-seed="1733129459">
  <command-line><![CDATA["C:\Users\bacon\Documents\GitHub\Pencil-Durability-Kata\PencilKata\PencilKata\bin\Debug\PencilKata.exe" ]]></command-line>
  <filter />
  <test-suite type="Assembly" id="1021" name="PencilKata.exe" fullname="PencilKata.exe" runstate="Runnable" testcasecount="20" result="Passed" start-time="2018-11-06 20:41:39Z" end-time="2018-11-06 20:41:39Z" duration="0.047477" total="20" passed="20" failed="0" warnings="0" inconclusive="0" skipped="0" asserts="23">
    <environment framework-version="3.11.0.0" clr-version="4.0.30319.42000" os-version="Microsoft Windows NT 10.0.17134" platform="Win32NT" cwd="C:\Users\bacon\Documents\GitHub\Pencil-Durability-Kata\PencilKata\PencilKata\bin\Debug" machine-name="JACOBSDESKTOP" user="bacon" user-domain="JACOBSDESKTOP" culture="en-US" uiculture="en-US" os-architecture="x86" />
    <settings>
      <setting name="WorkDirectory" value="C:\Users\bacon\Documents\GitHub\Pencil-Durability-Kata\PencilKata\PencilKata\bin\Debug" />
      <setting name="NumberOfTestWorkers" value="8" />
    </settings>
    <properties>
      <property name="_PID" value="1740" />
      <property name="_APPDOMAIN" value="PencilKata.exe" />
    </properties>
    <test-suite type="TestSuite" id="1022" name="PencilKata" fullname="PencilKata" runstate="Runnable" testcasecount="20" result="Passed" start-time="2018-11-06 20:41:39Z" end-time="2018-11-06 20:41:39Z" duration="0.039409" total="20" passed="20" failed="0" warnings="0" inconclusive="0" skipped="0" asserts="23">
      <test-suite type="TestFixture" id="1000" name="PencilTests" fullname="PencilKata.PencilTests" classname="PencilKata.PencilTests" runstate="Runnable" testcasecount="20" result="Passed" start-time="2018-11-06 20:41:39Z" end-time="2018-11-06 20:41:39Z" duration="0.036587" total="20" passed="20" failed="0" warnings="0" inconclusive="0" skipped="0" asserts="23">
        <test-case id="1002" name="whenALowercaseLetterIsWrittenDurabilityDegradesByOne" fullname="PencilKata.PencilTests.whenALowercaseLetterIsWrittenDurabilityDegradesByOne" methodname="whenALowercaseLetterIsWrittenDurabilityDegradesByOne" classname="PencilKata.PencilTests" runstate="Runnable" seed="1501673051" result="Passed" start-time="2018-11-06 20:41:39Z" end-time="2018-11-06 20:41:39Z" duration="0.025134" asserts="2" />
        <test-case id="1003" name="whenAnUppercaseLetterIsWrittenDurabilityDegradesByTwo" fullname="PencilKata.PencilTests.whenAnUppercaseLetterIsWrittenDurabilityDegradesByTwo" methodname="whenAnUppercaseLetterIsWrittenDurabilityDegradesByTwo" classname="PencilKata.PencilTests" runstate="Runnable" seed="131111169" result="Passed" start-time="2018-11-06 20:41:39Z" end-time="2018-11-06 20:41:39Z" duration="0.000255" asserts="2" />
        <test-case id="1015" name="whenEditingAPaperPointStillDegrades" fullname="PencilKata.PencilTests.whenEditingAPaperPointStillDegrades" methodname="whenEditingAPaperPointStillDegrades" classname="PencilKata.PencilTests" runstate="Runnable" seed="24016555" result="Passed" start-time="2018-11-06 20:41:39Z" end-time="2018-11-06 20:41:39Z" duration="0.000674" asserts="1" />
        <test-case id="1013" name="whenEditingASpaceWithAStringThatIsTooLongUseTheAtSymbolInstead" fullname="PencilKata.PencilTests.whenEditingASpaceWithAStringThatIsTooLongUseTheAtSymbolInstead" methodname="whenEditingASpaceWithAStringThatIsTooLongUseTheAtSymbolInstead" classname="PencilKata.PencilTests" runstate="Runnable" seed="1554352248" result="Passed" start-time="2018-11-06 20:41:39Z" end-time="2018-11-06 20:41:39Z" duration="0.000155" asserts="1" />
        <test-case id="1020" name="whenEditingPointDegradesBasedOnWhatIsWritten" fullname="PencilKata.PencilTests.whenEditingPointDegradesBasedOnWhatIsWritten" methodname="whenEditingPointDegradesBasedOnWhatIsWritten" classname="PencilKata.PencilTests" runstate="Runnable" seed="1650546775" result="Passed" start-time="2018-11-06 20:41:39Z" end-time="2018-11-06 20:41:39Z" duration="0.000193" asserts="1" />
        <test-case id="1011" name="whenEraserDurabilityIsZeroErasingStops" fullname="PencilKata.PencilTests.whenEraserDurabilityIsZeroErasingStops" methodname="whenEraserDurabilityIsZeroErasingStops" classname="PencilKata.PencilTests" runstate="Runnable" seed="1992445396" result="Passed" start-time="2018-11-06 20:41:39Z" end-time="2018-11-06 20:41:39Z" duration="0.000462" asserts="1" />
        <test-case id="1010" name="whenEraserIsUsedDegradeEraserDurabilityByOnePerCharacter" fullname="PencilKata.PencilTests.whenEraserIsUsedDegradeEraserDurabilityByOnePerCharacter" methodname="whenEraserIsUsedDegradeEraserDurabilityByOnePerCharacter" classname="PencilKata.PencilTests" runstate="Runnable" seed="324281431" result="Passed" start-time="2018-11-06 20:41:39Z" end-time="2018-11-06 20:41:39Z" duration="0.000247" asserts="1" />
        <test-case id="1012" name="whenGivenAStringEditWritesThatStringInTheFirstBlankSpace" fullname="PencilKata.PencilTests.whenGivenAStringEditWritesThatStringInTheFirstBlankSpace" methodname="whenGivenAStringEditWritesThatStringInTheFirstBlankSpace" classname="PencilKata.PencilTests" runstate="Runnable" seed="1698759831" result="Passed" start-time="2018-11-06 20:41:39Z" end-time="2018-11-06 20:41:39Z" duration="0.000135" asserts="1" />
        <test-case id="1019" name="whenGivenAStringThatStartsWithABlankSpaceEditWillNotLeaveABlankAtTheBeginningOfTheString" fullname="PencilKata.PencilTests.whenGivenAStringThatStartsWithABlankSpaceEditWillNotLeaveABlankAtTheBeginningOfTheString" methodname="whenGivenAStringThatStartsWithABlankSpaceEditWillNotLeaveABlankAtTheBeginningOfTheString" classname="PencilKata.PencilTests" runstate="Runnable" seed="1755418347" result="Passed" start-time="2018-11-06 20:41:39Z" end-time="2018-11-06 20:41:39Z" duration="0.000139" asserts="1" />
        <test-case id="1009" name="whenGivenAStringToEraseThatIsNotInTheStartingStringReturnTheStartingString" fullname="PencilKata.PencilTests.whenGivenAStringToEraseThatIsNotInTheStartingStringReturnTheStartingString" methodname="whenGivenAStringToEraseThatIsNotInTheStartingStringReturnTheStartingString" classname="PencilKata.PencilTests" runstate="Runnable" seed="606295" result="Passed" start-time="2018-11-06 20:41:39Z" end-time="2018-11-06 20:41:39Z" duration="0.000140" asserts="1" />
        <test-case id="1008" name="whenGivenTwoStringsReplaceTheLastInstanceOfTheFirstStringInTheSecondStringWithBlankSpaces" fullname="PencilKata.PencilTests.whenGivenTwoStringsReplaceTheLastInstanceOfTheFirstStringInTheSecondStringWithBlankSpaces" methodname="whenGivenTwoStringsReplaceTheLastInstanceOfTheFirstStringInTheSecondStringWithBlankSpaces" classname="PencilKata.PencilTests" runstate="Runnable" seed="843363508" result="Passed" start-time="2018-11-06 20:41:39Z" end-time="2018-11-06 20:41:39Z" duration="0.000131" asserts="1" />
        <test-case id="1014" name="whenNonLetterCharactersAreWrittenPointDurabilityDegradesByOne" fullname="PencilKata.PencilTests.whenNonLetterCharactersAreWrittenPointDurabilityDegradesByOne" methodname="whenNonLetterCharactersAreWrittenPointDurabilityDegradesByOne" classname="PencilKata.PencilTests" runstate="Runnable" seed="56594128" result="Passed" start-time="2018-11-06 20:41:39Z" end-time="2018-11-06 20:41:39Z" duration="0.000153" asserts="1" />
        <test-case id="1018" name="whenPassedABlankSpaceThatDoesNotExistEditWillNotEditAnything" fullname="PencilKata.PencilTests.whenPassedABlankSpaceThatDoesNotExistEditWillNotEditAnything" methodname="whenPassedABlankSpaceThatDoesNotExistEditWillNotEditAnything" classname="PencilKata.PencilTests" runstate="Runnable" seed="904716339" result="Passed" start-time="2018-11-06 20:41:39Z" end-time="2018-11-06 20:41:39Z" duration="0.000188" asserts="1" />
        <test-case id="1017" name="whenPassedIntegerNEditWillEditTheNthBlankSpace" fullname="PencilKata.PencilTests.whenPassedIntegerNEditWillEditTheNthBlankSpace" methodname="whenPassedIntegerNEditWillEditTheNthBlankSpace" classname="PencilKata.PencilTests" runstate="Runnable" seed="873936539" result="Passed" start-time="2018-11-06 20:41:39Z" end-time="2018-11-06 20:41:39Z" duration="0.000135" asserts="1" />
        <test-case id="1001" name="whenPencilIsPassedTwoStringsItAppendsTheFirstStringOntoTheSecondString" fullname="PencilKata.PencilTests.whenPencilIsPassedTwoStringsItAppendsTheFirstStringOntoTheSecondString" methodname="whenPencilIsPassedTwoStringsItAppendsTheFirstStringOntoTheSecondString" classname="PencilKata.PencilTests" runstate="Runnable" seed="2069699727" result="Passed" start-time="2018-11-06 20:41:39Z" end-time="2018-11-06 20:41:39Z" duration="0.000131" asserts="1" />
        <test-case id="1006" name="whenPencilIsSharpenedLengthIsReducedByOne" fullname="PencilKata.PencilTests.whenPencilIsSharpenedLengthIsReducedByOne" methodname="whenPencilIsSharpenedLengthIsReducedByOne" classname="PencilKata.PencilTests" runstate="Runnable" seed="207405109" result="Passed" start-time="2018-11-06 20:41:39Z" end-time="2018-11-06 20:41:39Z" duration="0.000303" asserts="1" />
        <test-case id="1007" name="whenPencilLengthIsZeroPencilCannotBeSharpened" fullname="PencilKata.PencilTests.whenPencilLengthIsZeroPencilCannotBeSharpened" methodname="whenPencilLengthIsZeroPencilCannotBeSharpened" classname="PencilKata.PencilTests" runstate="Runnable" seed="133769426" result="Passed" start-time="2018-11-06 20:41:39Z" end-time="2018-11-06 20:41:39Z" duration="0.000128" asserts="1" />
        <test-case id="1016" name="whenPointDurabilityIsAtZeroEditingStops" fullname="PencilKata.PencilTests.whenPointDurabilityIsAtZeroEditingStops" methodname="whenPointDurabilityIsAtZeroEditingStops" classname="PencilKata.PencilTests" runstate="Runnable" seed="671539298" result="Passed" start-time="2018-11-06 20:41:39Z" end-time="2018-11-06 20:41:39Z" duration="0.000117" asserts="1" />
        <test-case id="1004" name="whenSharpenedDurabilityIsReset" fullname="PencilKata.PencilTests.whenSharpenedDurabilityIsReset" methodname="whenSharpenedDurabilityIsReset" classname="PencilKata.PencilTests" runstate="Runnable" seed="95246274" result="Passed" start-time="2018-11-06 20:41:39Z" end-time="2018-11-06 20:41:39Z" duration="0.000205" asserts="2" />
        <test-case id="1005" name="whenThereIsNotEnoughDurabilityABlankIsWritten" fullname="PencilKata.PencilTests.whenThereIsNotEnoughDurabilityABlankIsWritten" methodname="whenThereIsNotEnoughDurabilityABlankIsWritten" classname="PencilKata.PencilTests" runstate="Runnable" seed="1445079433" result="Passed" start-time="2018-11-06 20:41:39Z" end-time="2018-11-06 20:41:39Z" duration="0.000113" asserts="1" />
      </test-suite>
    </test-suite>
  </test-suite>
</test-run>