<?xml version="1.0" encoding="utf-8"?>
<test-run id="2" name="PencilKata.exe" fullname="PencilKata.exe" testcasecount="17" result="Passed" start-time="2018-11-01 21:27:48Z" end-time="2018-11-01 21:27:48Z" duration="0.029019" total="17" passed="17" failed="0" inconclusive="0" skipped="0" asserts="20" random-seed="1256810522">
  <command-line><![CDATA["C:\Users\bacon\Documents\GitHub\Pencil-Durability-Kata\PencilKata\PencilKata\bin\Debug\PencilKata.exe" ]]></command-line>
  <filter />
  <test-suite type="Assembly" id="1018" name="PencilKata.exe" fullname="PencilKata.exe" runstate="Runnable" testcasecount="17" result="Passed" start-time="2018-11-01 21:27:48Z" end-time="2018-11-01 21:27:48Z" duration="0.029019" total="17" passed="17" failed="0" warnings="0" inconclusive="0" skipped="0" asserts="20">
    <environment framework-version="3.11.0.0" clr-version="4.0.30319.42000" os-version="Microsoft Windows NT 10.0.17134" platform="Win32NT" cwd="C:\Users\bacon\Documents\GitHub\Pencil-Durability-Kata\PencilKata\PencilKata\bin\Debug" machine-name="JACOBSDESKTOP" user="bacon" user-domain="JACOBSDESKTOP" culture="en-US" uiculture="en-US" os-architecture="x86" />
    <settings>
      <setting name="WorkDirectory" value="C:\Users\bacon\Documents\GitHub\Pencil-Durability-Kata\PencilKata\PencilKata\bin\Debug" />
      <setting name="NumberOfTestWorkers" value="8" />
    </settings>
    <properties>
      <property name="_PID" value="1524" />
      <property name="_APPDOMAIN" value="PencilKata.exe" />
    </properties>
    <test-suite type="TestSuite" id="1019" name="PencilKata" fullname="PencilKata" runstate="Runnable" testcasecount="17" result="Passed" start-time="2018-11-01 21:27:48Z" end-time="2018-11-01 21:27:48Z" duration="0.023060" total="17" passed="17" failed="0" warnings="0" inconclusive="0" skipped="0" asserts="20">
      <test-suite type="TestFixture" id="1000" name="PencilTests" fullname="PencilKata.PencilTests" classname="PencilKata.PencilTests" runstate="Runnable" testcasecount="17" result="Passed" start-time="2018-11-01 21:27:48Z" end-time="2018-11-01 21:27:48Z" duration="0.021144" total="17" passed="17" failed="0" warnings="0" inconclusive="0" skipped="0" asserts="20">
        <test-case id="1002" name="whenALowercaseLetterIsWrittenDurabilityDegradesByOne" fullname="PencilKata.PencilTests.whenALowercaseLetterIsWrittenDurabilityDegradesByOne" methodname="whenALowercaseLetterIsWrittenDurabilityDegradesByOne" classname="PencilKata.PencilTests" runstate="Runnable" seed="1085352837" result="Passed" start-time="2018-11-01 21:27:48Z" end-time="2018-11-01 21:27:48Z" duration="0.014153" asserts="2" />
        <test-case id="1003" name="whenAnUppercaseLetterIsWrittenDurabilityDegradesByTwo" fullname="PencilKata.PencilTests.whenAnUppercaseLetterIsWrittenDurabilityDegradesByTwo" methodname="whenAnUppercaseLetterIsWrittenDurabilityDegradesByTwo" classname="PencilKata.PencilTests" runstate="Runnable" seed="1388718995" result="Passed" start-time="2018-11-01 21:27:48Z" end-time="2018-11-01 21:27:48Z" duration="0.000153" asserts="2" />
        <test-case id="1015" name="whenEditingAPaperPointStillDegrades" fullname="PencilKata.PencilTests.whenEditingAPaperPointStillDegrades" methodname="whenEditingAPaperPointStillDegrades" classname="PencilKata.PencilTests" runstate="Runnable" seed="898187861" result="Passed" start-time="2018-11-01 21:27:48Z" end-time="2018-11-01 21:27:48Z" duration="0.000314" asserts="1" />
        <test-case id="1013" name="whenEditingASpaceWithAStringThatIsTooLongUseTheAtSymbolInstead" fullname="PencilKata.PencilTests.whenEditingASpaceWithAStringThatIsTooLongUseTheAtSymbolInstead" methodname="whenEditingASpaceWithAStringThatIsTooLongUseTheAtSymbolInstead" classname="PencilKata.PencilTests" runstate="Runnable" seed="1213542374" result="Passed" start-time="2018-11-01 21:27:48Z" end-time="2018-11-01 21:27:48Z" duration="0.000088" asserts="1" />
        <test-case id="1011" name="whenEraserDurabilityIsZeroErasingStops" fullname="PencilKata.PencilTests.whenEraserDurabilityIsZeroErasingStops" methodname="whenEraserDurabilityIsZeroErasingStops" classname="PencilKata.PencilTests" runstate="Runnable" seed="287301587" result="Passed" start-time="2018-11-01 21:27:48Z" end-time="2018-11-01 21:27:48Z" duration="0.000248" asserts="1" />
        <test-case id="1010" name="whenEraserIsUsedDegradeEraserDurabilityByOnePerCharacter" fullname="PencilKata.PencilTests.whenEraserIsUsedDegradeEraserDurabilityByOnePerCharacter" methodname="whenEraserIsUsedDegradeEraserDurabilityByOnePerCharacter" classname="PencilKata.PencilTests" runstate="Runnable" seed="1924436320" result="Passed" start-time="2018-11-01 21:27:48Z" end-time="2018-11-01 21:27:48Z" duration="0.000133" asserts="1" />
        <test-case id="1012" name="whenGivenAStringEditWritesThatStringInTheFirstBlankSpace" fullname="PencilKata.PencilTests.whenGivenAStringEditWritesThatStringInTheFirstBlankSpace" methodname="whenGivenAStringEditWritesThatStringInTheFirstBlankSpace" classname="PencilKata.PencilTests" runstate="Runnable" seed="374253054" result="Passed" start-time="2018-11-01 21:27:48Z" end-time="2018-11-01 21:27:48Z" duration="0.000073" asserts="1" />
        <test-case id="1009" name="whenGivenAStringToEraseThatIsNotInTheStartingStringReturnTheStartingString" fullname="PencilKata.PencilTests.whenGivenAStringToEraseThatIsNotInTheStartingStringReturnTheStartingString" methodname="whenGivenAStringToEraseThatIsNotInTheStartingStringReturnTheStartingString" classname="PencilKata.PencilTests" runstate="Runnable" seed="804690184" result="Passed" start-time="2018-11-01 21:27:48Z" end-time="2018-11-01 21:27:48Z" duration="0.000073" asserts="1" />
        <test-case id="1008" name="whenGivenTwoStringsReplaceTheLastInstanceOfTheFirstStringInTheSecondStringWithBlankSpaces" fullname="PencilKata.PencilTests.whenGivenTwoStringsReplaceTheLastInstanceOfTheFirstStringInTheSecondStringWithBlankSpaces" methodname="whenGivenTwoStringsReplaceTheLastInstanceOfTheFirstStringInTheSecondStringWithBlankSpaces" classname="PencilKata.PencilTests" runstate="Runnable" seed="1975361744" result="Passed" start-time="2018-11-01 21:27:48Z" end-time="2018-11-01 21:27:48Z" duration="0.000065" asserts="1" />
        <test-case id="1014" name="whenNonLetterCharactersAreWrittenPointDurabilityDegradesByOne" fullname="PencilKata.PencilTests.whenNonLetterCharactersAreWrittenPointDurabilityDegradesByOne" methodname="whenNonLetterCharactersAreWrittenPointDurabilityDegradesByOne" classname="PencilKata.PencilTests" runstate="Runnable" seed="1793991502" result="Passed" start-time="2018-11-01 21:27:48Z" end-time="2018-11-01 21:27:48Z" duration="0.000086" asserts="1" />
        <test-case id="1017" name="whenPassedIntegerNEditWillEditTheNthBlankSpace" fullname="PencilKata.PencilTests.whenPassedIntegerNEditWillEditTheNthBlankSpace" methodname="whenPassedIntegerNEditWillEditTheNthBlankSpace" classname="PencilKata.PencilTests" runstate="Runnable" seed="681861608" result="Passed" start-time="2018-11-01 21:27:48Z" end-time="2018-11-01 21:27:48Z" duration="0.000070" asserts="1" />
        <test-case id="1001" name="whenPencilIsPassedTwoStringsItAppendsTheFirstStringOntoTheSecondString" fullname="PencilKata.PencilTests.whenPencilIsPassedTwoStringsItAppendsTheFirstStringOntoTheSecondString" methodname="whenPencilIsPassedTwoStringsItAppendsTheFirstStringOntoTheSecondString" classname="PencilKata.PencilTests" runstate="Runnable" seed="848092796" result="Passed" start-time="2018-11-01 21:27:48Z" end-time="2018-11-01 21:27:48Z" duration="0.000071" asserts="1" />
        <test-case id="1006" name="whenPencilIsSharpenedLengthIsReducedByOne" fullname="PencilKata.PencilTests.whenPencilIsSharpenedLengthIsReducedByOne" methodname="whenPencilIsSharpenedLengthIsReducedByOne" classname="PencilKata.PencilTests" runstate="Runnable" seed="781385312" result="Passed" start-time="2018-11-01 21:27:48Z" end-time="2018-11-01 21:27:48Z" duration="0.000162" asserts="1" />
        <test-case id="1007" name="whenPencilLengthIsZeroPencilCannotBeSharpened" fullname="PencilKata.PencilTests.whenPencilLengthIsZeroPencilCannotBeSharpened" methodname="whenPencilLengthIsZeroPencilCannotBeSharpened" classname="PencilKata.PencilTests" runstate="Runnable" seed="2099334357" result="Passed" start-time="2018-11-01 21:27:48Z" end-time="2018-11-01 21:27:48Z" duration="0.000090" asserts="1" />
        <test-case id="1016" name="whenPointDurabilityIsAtZeroEditingStops" fullname="PencilKata.PencilTests.whenPointDurabilityIsAtZeroEditingStops" methodname="whenPointDurabilityIsAtZeroEditingStops" classname="PencilKata.PencilTests" runstate="Runnable" seed="1705415799" result="Passed" start-time="2018-11-01 21:27:48Z" end-time="2018-11-01 21:27:48Z" duration="0.000076" asserts="1" />
        <test-case id="1004" name="whenSharpenedDurabilityIsReset" fullname="PencilKata.PencilTests.whenSharpenedDurabilityIsReset" methodname="whenSharpenedDurabilityIsReset" classname="PencilKata.PencilTests" runstate="Runnable" seed="51484568" result="Passed" start-time="2018-11-01 21:27:48Z" end-time="2018-11-01 21:27:48Z" duration="0.000134" asserts="2" />
        <test-case id="1005" name="whenThereIsNotEnoughDurabilityABlankIsWritten" fullname="PencilKata.PencilTests.whenThereIsNotEnoughDurabilityABlankIsWritten" methodname="whenThereIsNotEnoughDurabilityABlankIsWritten" classname="PencilKata.PencilTests" runstate="Runnable" seed="750488651" result="Passed" start-time="2018-11-01 21:27:48Z" end-time="2018-11-01 21:27:48Z" duration="0.000077" asserts="1" />
      </test-suite>
    </test-suite>
  </test-suite>
</test-run>