<?xml version="1.0" encoding="utf-8"?>
<test-run id="2" name="PencilKata.exe" fullname="PencilKata.exe" testcasecount="17" result="Passed" start-time="2018-11-06 19:25:17Z" end-time="2018-11-06 19:25:17Z" duration="0.046286" total="17" passed="17" failed="0" inconclusive="0" skipped="0" asserts="20" random-seed="1384138172">
  <command-line><![CDATA["C:\Users\bacon\Documents\GitHub\Pencil-Durability-Kata\PencilKata\PencilKata\bin\Debug\PencilKata.exe" ]]></command-line>
  <filter />
  <test-suite type="Assembly" id="1018" name="PencilKata.exe" fullname="PencilKata.exe" runstate="Runnable" testcasecount="17" result="Passed" start-time="2018-11-06 19:25:17Z" end-time="2018-11-06 19:25:17Z" duration="0.046286" total="17" passed="17" failed="0" warnings="0" inconclusive="0" skipped="0" asserts="20">
    <environment framework-version="3.11.0.0" clr-version="4.0.30319.42000" os-version="Microsoft Windows NT 10.0.17134" platform="Win32NT" cwd="C:\Users\bacon\Documents\GitHub\Pencil-Durability-Kata\PencilKata\PencilKata\bin\Debug" machine-name="JACOBSDESKTOP" user="bacon" user-domain="JACOBSDESKTOP" culture="en-US" uiculture="en-US" os-architecture="x86" />
    <settings>
      <setting name="WorkDirectory" value="C:\Users\bacon\Documents\GitHub\Pencil-Durability-Kata\PencilKata\PencilKata\bin\Debug" />
      <setting name="NumberOfTestWorkers" value="8" />
    </settings>
    <properties>
      <property name="_PID" value="4684" />
      <property name="_APPDOMAIN" value="PencilKata.exe" />
    </properties>
    <test-suite type="TestSuite" id="1019" name="PencilKata" fullname="PencilKata" runstate="Runnable" testcasecount="17" result="Passed" start-time="2018-11-06 19:25:17Z" end-time="2018-11-06 19:25:17Z" duration="0.037621" total="17" passed="17" failed="0" warnings="0" inconclusive="0" skipped="0" asserts="20">
      <test-suite type="TestFixture" id="1000" name="PencilTests" fullname="PencilKata.PencilTests" classname="PencilKata.PencilTests" runstate="Runnable" testcasecount="17" result="Passed" start-time="2018-11-06 19:25:17Z" end-time="2018-11-06 19:25:17Z" duration="0.034773" total="17" passed="17" failed="0" warnings="0" inconclusive="0" skipped="0" asserts="20">
        <test-case id="1002" name="whenALowercaseLetterIsWrittenDurabilityDegradesByOne" fullname="PencilKata.PencilTests.whenALowercaseLetterIsWrittenDurabilityDegradesByOne" methodname="whenALowercaseLetterIsWrittenDurabilityDegradesByOne" classname="PencilKata.PencilTests" runstate="Runnable" seed="327674096" result="Passed" start-time="2018-11-06 19:25:17Z" end-time="2018-11-06 19:25:17Z" duration="0.025131" asserts="2" />
        <test-case id="1003" name="whenAnUppercaseLetterIsWrittenDurabilityDegradesByTwo" fullname="PencilKata.PencilTests.whenAnUppercaseLetterIsWrittenDurabilityDegradesByTwo" methodname="whenAnUppercaseLetterIsWrittenDurabilityDegradesByTwo" classname="PencilKata.PencilTests" runstate="Runnable" seed="611998681" result="Passed" start-time="2018-11-06 19:25:17Z" end-time="2018-11-06 19:25:17Z" duration="0.000285" asserts="2" />
        <test-case id="1015" name="whenEditingAPaperPointStillDegrades" fullname="PencilKata.PencilTests.whenEditingAPaperPointStillDegrades" methodname="whenEditingAPaperPointStillDegrades" classname="PencilKata.PencilTests" runstate="Runnable" seed="1183618929" result="Passed" start-time="2018-11-06 19:25:17Z" end-time="2018-11-06 19:25:17Z" duration="0.000509" asserts="1" />
        <test-case id="1013" name="whenEditingASpaceWithAStringThatIsTooLongUseTheAtSymbolInstead" fullname="PencilKata.PencilTests.whenEditingASpaceWithAStringThatIsTooLongUseTheAtSymbolInstead" methodname="whenEditingASpaceWithAStringThatIsTooLongUseTheAtSymbolInstead" classname="PencilKata.PencilTests" runstate="Runnable" seed="1198984489" result="Passed" start-time="2018-11-06 19:25:17Z" end-time="2018-11-06 19:25:17Z" duration="0.000140" asserts="1" />
        <test-case id="1011" name="whenEraserDurabilityIsZeroErasingStops" fullname="PencilKata.PencilTests.whenEraserDurabilityIsZeroErasingStops" methodname="whenEraserDurabilityIsZeroErasingStops" classname="PencilKata.PencilTests" runstate="Runnable" seed="550417063" result="Passed" start-time="2018-11-06 19:25:17Z" end-time="2018-11-06 19:25:17Z" duration="0.000386" asserts="1" />
        <test-case id="1010" name="whenEraserIsUsedDegradeEraserDurabilityByOnePerCharacter" fullname="PencilKata.PencilTests.whenEraserIsUsedDegradeEraserDurabilityByOnePerCharacter" methodname="whenEraserIsUsedDegradeEraserDurabilityByOnePerCharacter" classname="PencilKata.PencilTests" runstate="Runnable" seed="747327355" result="Passed" start-time="2018-11-06 19:25:17Z" end-time="2018-11-06 19:25:17Z" duration="0.000177" asserts="1" />
        <test-case id="1012" name="whenGivenAStringEditWritesThatStringInTheFirstBlankSpace" fullname="PencilKata.PencilTests.whenGivenAStringEditWritesThatStringInTheFirstBlankSpace" methodname="whenGivenAStringEditWritesThatStringInTheFirstBlankSpace" classname="PencilKata.PencilTests" runstate="Runnable" seed="342830935" result="Passed" start-time="2018-11-06 19:25:17Z" end-time="2018-11-06 19:25:17Z" duration="0.000107" asserts="1" />
        <test-case id="1009" name="whenGivenAStringToEraseThatIsNotInTheStartingStringReturnTheStartingString" fullname="PencilKata.PencilTests.whenGivenAStringToEraseThatIsNotInTheStartingStringReturnTheStartingString" methodname="whenGivenAStringToEraseThatIsNotInTheStartingStringReturnTheStartingString" classname="PencilKata.PencilTests" runstate="Runnable" seed="852632041" result="Passed" start-time="2018-11-06 19:25:17Z" end-time="2018-11-06 19:25:17Z" duration="0.000120" asserts="1" />
        <test-case id="1008" name="whenGivenTwoStringsReplaceTheLastInstanceOfTheFirstStringInTheSecondStringWithBlankSpaces" fullname="PencilKata.PencilTests.whenGivenTwoStringsReplaceTheLastInstanceOfTheFirstStringInTheSecondStringWithBlankSpaces" methodname="whenGivenTwoStringsReplaceTheLastInstanceOfTheFirstStringInTheSecondStringWithBlankSpaces" classname="PencilKata.PencilTests" runstate="Runnable" seed="115466505" result="Passed" start-time="2018-11-06 19:25:17Z" end-time="2018-11-06 19:25:17Z" duration="0.000088" asserts="1" />
        <test-case id="1014" name="whenNonLetterCharactersAreWrittenPointDurabilityDegradesByOne" fullname="PencilKata.PencilTests.whenNonLetterCharactersAreWrittenPointDurabilityDegradesByOne" methodname="whenNonLetterCharactersAreWrittenPointDurabilityDegradesByOne" classname="PencilKata.PencilTests" runstate="Runnable" seed="415554316" result="Passed" start-time="2018-11-06 19:25:17Z" end-time="2018-11-06 19:25:17Z" duration="0.000155" asserts="1" />
        <test-case id="1017" name="whenPassedIntegerNEditWillEditTheNthBlankSpace" fullname="PencilKata.PencilTests.whenPassedIntegerNEditWillEditTheNthBlankSpace" methodname="whenPassedIntegerNEditWillEditTheNthBlankSpace" classname="PencilKata.PencilTests" runstate="Runnable" seed="1175099042" result="Passed" start-time="2018-11-06 19:25:17Z" end-time="2018-11-06 19:25:17Z" duration="0.000106" asserts="1" />
        <test-case id="1001" name="whenPencilIsPassedTwoStringsItAppendsTheFirstStringOntoTheSecondString" fullname="PencilKata.PencilTests.whenPencilIsPassedTwoStringsItAppendsTheFirstStringOntoTheSecondString" methodname="whenPencilIsPassedTwoStringsItAppendsTheFirstStringOntoTheSecondString" classname="PencilKata.PencilTests" runstate="Runnable" seed="1794097306" result="Passed" start-time="2018-11-06 19:25:17Z" end-time="2018-11-06 19:25:17Z" duration="0.000092" asserts="1" />
        <test-case id="1006" name="whenPencilIsSharpenedLengthIsReducedByOne" fullname="PencilKata.PencilTests.whenPencilIsSharpenedLengthIsReducedByOne" methodname="whenPencilIsSharpenedLengthIsReducedByOne" classname="PencilKata.PencilTests" runstate="Runnable" seed="809244348" result="Passed" start-time="2018-11-06 19:25:17Z" end-time="2018-11-06 19:25:17Z" duration="0.000248" asserts="1" />
        <test-case id="1007" name="whenPencilLengthIsZeroPencilCannotBeSharpened" fullname="PencilKata.PencilTests.whenPencilLengthIsZeroPencilCannotBeSharpened" methodname="whenPencilLengthIsZeroPencilCannotBeSharpened" classname="PencilKata.PencilTests" runstate="Runnable" seed="61387521" result="Passed" start-time="2018-11-06 19:25:17Z" end-time="2018-11-06 19:25:17Z" duration="0.000147" asserts="1" />
        <test-case id="1016" name="whenPointDurabilityIsAtZeroEditingStops" fullname="PencilKata.PencilTests.whenPointDurabilityIsAtZeroEditingStops" methodname="whenPointDurabilityIsAtZeroEditingStops" classname="PencilKata.PencilTests" runstate="Runnable" seed="448243855" result="Passed" start-time="2018-11-06 19:25:17Z" end-time="2018-11-06 19:25:17Z" duration="0.000099" asserts="1" />
        <test-case id="1004" name="whenSharpenedDurabilityIsReset" fullname="PencilKata.PencilTests.whenSharpenedDurabilityIsReset" methodname="whenSharpenedDurabilityIsReset" classname="PencilKata.PencilTests" runstate="Runnable" seed="109923186" result="Passed" start-time="2018-11-06 19:25:17Z" end-time="2018-11-06 19:25:17Z" duration="0.000213" asserts="2" />
        <test-case id="1005" name="whenThereIsNotEnoughDurabilityABlankIsWritten" fullname="PencilKata.PencilTests.whenThereIsNotEnoughDurabilityABlankIsWritten" methodname="whenThereIsNotEnoughDurabilityABlankIsWritten" classname="PencilKata.PencilTests" runstate="Runnable" seed="1655039777" result="Passed" start-time="2018-11-06 19:25:17Z" end-time="2018-11-06 19:25:17Z" duration="0.000102" asserts="1" />
      </test-suite>
    </test-suite>
  </test-suite>
</test-run>