<?xml version="1.0" encoding="utf-8"?>
<test-run id="2" name="PencilKata.exe" fullname="PencilKata.exe" testcasecount="17" result="Passed" start-time="2018-11-06 19:39:45Z" end-time="2018-11-06 19:39:45Z" duration="0.039862" total="17" passed="17" failed="0" inconclusive="0" skipped="0" asserts="20" random-seed="101590786">
  <command-line><![CDATA["C:\Users\bacon\Documents\GitHub\Pencil-Durability-Kata\PencilKata\PencilKata\bin\Debug\PencilKata.exe" ]]></command-line>
  <filter />
  <test-suite type="Assembly" id="1018" name="PencilKata.exe" fullname="PencilKata.exe" runstate="Runnable" testcasecount="17" result="Passed" start-time="2018-11-06 19:39:45Z" end-time="2018-11-06 19:39:45Z" duration="0.039862" total="17" passed="17" failed="0" warnings="0" inconclusive="0" skipped="0" asserts="20">
    <environment framework-version="3.11.0.0" clr-version="4.0.30319.42000" os-version="Microsoft Windows NT 10.0.17134" platform="Win32NT" cwd="C:\Users\bacon\Documents\GitHub\Pencil-Durability-Kata\PencilKata\PencilKata\bin\Debug" machine-name="JACOBSDESKTOP" user="bacon" user-domain="JACOBSDESKTOP" culture="en-US" uiculture="en-US" os-architecture="x86" />
    <settings>
      <setting name="WorkDirectory" value="C:\Users\bacon\Documents\GitHub\Pencil-Durability-Kata\PencilKata\PencilKata\bin\Debug" />
      <setting name="NumberOfTestWorkers" value="8" />
    </settings>
    <properties>
      <property name="_PID" value="9828" />
      <property name="_APPDOMAIN" value="PencilKata.exe" />
    </properties>
    <test-suite type="TestSuite" id="1019" name="PencilKata" fullname="PencilKata" runstate="Runnable" testcasecount="17" result="Passed" start-time="2018-11-06 19:39:45Z" end-time="2018-11-06 19:39:45Z" duration="0.032108" total="17" passed="17" failed="0" warnings="0" inconclusive="0" skipped="0" asserts="20">
      <test-suite type="TestFixture" id="1000" name="PencilTests" fullname="PencilKata.PencilTests" classname="PencilKata.PencilTests" runstate="Runnable" testcasecount="17" result="Passed" start-time="2018-11-06 19:39:45Z" end-time="2018-11-06 19:39:45Z" duration="0.030086" total="17" passed="17" failed="0" warnings="0" inconclusive="0" skipped="0" asserts="20">
        <test-case id="1002" name="whenALowercaseLetterIsWrittenDurabilityDegradesByOne" fullname="PencilKata.PencilTests.whenALowercaseLetterIsWrittenDurabilityDegradesByOne" methodname="whenALowercaseLetterIsWrittenDurabilityDegradesByOne" classname="PencilKata.PencilTests" runstate="Runnable" seed="719515083" result="Passed" start-time="2018-11-06 19:39:45Z" end-time="2018-11-06 19:39:45Z" duration="0.021213" asserts="2" />
        <test-case id="1003" name="whenAnUppercaseLetterIsWrittenDurabilityDegradesByTwo" fullname="PencilKata.PencilTests.whenAnUppercaseLetterIsWrittenDurabilityDegradesByTwo" methodname="whenAnUppercaseLetterIsWrittenDurabilityDegradesByTwo" classname="PencilKata.PencilTests" runstate="Runnable" seed="835561078" result="Passed" start-time="2018-11-06 19:39:45Z" end-time="2018-11-06 19:39:45Z" duration="0.000243" asserts="2" />
        <test-case id="1015" name="whenEditingAPaperPointStillDegrades" fullname="PencilKata.PencilTests.whenEditingAPaperPointStillDegrades" methodname="whenEditingAPaperPointStillDegrades" classname="PencilKata.PencilTests" runstate="Runnable" seed="1361040917" result="Passed" start-time="2018-11-06 19:39:45Z" end-time="2018-11-06 19:39:45Z" duration="0.000592" asserts="1" />
        <test-case id="1013" name="whenEditingASpaceWithAStringThatIsTooLongUseTheAtSymbolInstead" fullname="PencilKata.PencilTests.whenEditingASpaceWithAStringThatIsTooLongUseTheAtSymbolInstead" methodname="whenEditingASpaceWithAStringThatIsTooLongUseTheAtSymbolInstead" classname="PencilKata.PencilTests" runstate="Runnable" seed="174477997" result="Passed" start-time="2018-11-06 19:39:45Z" end-time="2018-11-06 19:39:45Z" duration="0.000137" asserts="1" />
        <test-case id="1011" name="whenEraserDurabilityIsZeroErasingStops" fullname="PencilKata.PencilTests.whenEraserDurabilityIsZeroErasingStops" methodname="whenEraserDurabilityIsZeroErasingStops" classname="PencilKata.PencilTests" runstate="Runnable" seed="1448163434" result="Passed" start-time="2018-11-06 19:39:45Z" end-time="2018-11-06 19:39:45Z" duration="0.000417" asserts="1" />
        <test-case id="1010" name="whenEraserIsUsedDegradeEraserDurabilityByOnePerCharacter" fullname="PencilKata.PencilTests.whenEraserIsUsedDegradeEraserDurabilityByOnePerCharacter" methodname="whenEraserIsUsedDegradeEraserDurabilityByOnePerCharacter" classname="PencilKata.PencilTests" runstate="Runnable" seed="2099926021" result="Passed" start-time="2018-11-06 19:39:45Z" end-time="2018-11-06 19:39:45Z" duration="0.000288" asserts="1" />
        <test-case id="1012" name="whenGivenAStringEditWritesThatStringInTheFirstBlankSpace" fullname="PencilKata.PencilTests.whenGivenAStringEditWritesThatStringInTheFirstBlankSpace" methodname="whenGivenAStringEditWritesThatStringInTheFirstBlankSpace" classname="PencilKata.PencilTests" runstate="Runnable" seed="1620010979" result="Passed" start-time="2018-11-06 19:39:45Z" end-time="2018-11-06 19:39:45Z" duration="0.000153" asserts="1" />
        <test-case id="1009" name="whenGivenAStringToEraseThatIsNotInTheStartingStringReturnTheStartingString" fullname="PencilKata.PencilTests.whenGivenAStringToEraseThatIsNotInTheStartingStringReturnTheStartingString" methodname="whenGivenAStringToEraseThatIsNotInTheStartingStringReturnTheStartingString" classname="PencilKata.PencilTests" runstate="Runnable" seed="1153324905" result="Passed" start-time="2018-11-06 19:39:45Z" end-time="2018-11-06 19:39:45Z" duration="0.000102" asserts="1" />
        <test-case id="1008" name="whenGivenTwoStringsReplaceTheLastInstanceOfTheFirstStringInTheSecondStringWithBlankSpaces" fullname="PencilKata.PencilTests.whenGivenTwoStringsReplaceTheLastInstanceOfTheFirstStringInTheSecondStringWithBlankSpaces" methodname="whenGivenTwoStringsReplaceTheLastInstanceOfTheFirstStringInTheSecondStringWithBlankSpaces" classname="PencilKata.PencilTests" runstate="Runnable" seed="2025279505" result="Passed" start-time="2018-11-06 19:39:45Z" end-time="2018-11-06 19:39:45Z" duration="0.000108" asserts="1" />
        <test-case id="1014" name="whenNonLetterCharactersAreWrittenPointDurabilityDegradesByOne" fullname="PencilKata.PencilTests.whenNonLetterCharactersAreWrittenPointDurabilityDegradesByOne" methodname="whenNonLetterCharactersAreWrittenPointDurabilityDegradesByOne" classname="PencilKata.PencilTests" runstate="Runnable" seed="758812275" result="Passed" start-time="2018-11-06 19:39:45Z" end-time="2018-11-06 19:39:45Z" duration="0.000117" asserts="1" />
        <test-case id="1017" name="whenPassedIntegerNEditWillEditTheNthBlankSpace" fullname="PencilKata.PencilTests.whenPassedIntegerNEditWillEditTheNthBlankSpace" methodname="whenPassedIntegerNEditWillEditTheNthBlankSpace" classname="PencilKata.PencilTests" runstate="Runnable" seed="1838594992" result="Passed" start-time="2018-11-06 19:39:45Z" end-time="2018-11-06 19:39:45Z" duration="0.000122" asserts="1" />
        <test-case id="1001" name="whenPencilIsPassedTwoStringsItAppendsTheFirstStringOntoTheSecondString" fullname="PencilKata.PencilTests.whenPencilIsPassedTwoStringsItAppendsTheFirstStringOntoTheSecondString" methodname="whenPencilIsPassedTwoStringsItAppendsTheFirstStringOntoTheSecondString" classname="PencilKata.PencilTests" runstate="Runnable" seed="1074240746" result="Passed" start-time="2018-11-06 19:39:45Z" end-time="2018-11-06 19:39:45Z" duration="0.000104" asserts="1" />
        <test-case id="1006" name="whenPencilIsSharpenedLengthIsReducedByOne" fullname="PencilKata.PencilTests.whenPencilIsSharpenedLengthIsReducedByOne" methodname="whenPencilIsSharpenedLengthIsReducedByOne" classname="PencilKata.PencilTests" runstate="Runnable" seed="771067608" result="Passed" start-time="2018-11-06 19:39:45Z" end-time="2018-11-06 19:39:45Z" duration="0.000241" asserts="1" />
        <test-case id="1007" name="whenPencilLengthIsZeroPencilCannotBeSharpened" fullname="PencilKata.PencilTests.whenPencilLengthIsZeroPencilCannotBeSharpened" methodname="whenPencilLengthIsZeroPencilCannotBeSharpened" classname="PencilKata.PencilTests" runstate="Runnable" seed="828776812" result="Passed" start-time="2018-11-06 19:39:45Z" end-time="2018-11-06 19:39:45Z" duration="0.000122" asserts="1" />
        <test-case id="1016" name="whenPointDurabilityIsAtZeroEditingStops" fullname="PencilKata.PencilTests.whenPointDurabilityIsAtZeroEditingStops" methodname="whenPointDurabilityIsAtZeroEditingStops" classname="PencilKata.PencilTests" runstate="Runnable" seed="790875783" result="Passed" start-time="2018-11-06 19:39:45Z" end-time="2018-11-06 19:39:45Z" duration="0.000108" asserts="1" />
        <test-case id="1004" name="whenSharpenedDurabilityIsReset" fullname="PencilKata.PencilTests.whenSharpenedDurabilityIsReset" methodname="whenSharpenedDurabilityIsReset" classname="PencilKata.PencilTests" runstate="Runnable" seed="879714608" result="Passed" start-time="2018-11-06 19:39:45Z" end-time="2018-11-06 19:39:45Z" duration="0.000185" asserts="2" />
        <test-case id="1005" name="whenThereIsNotEnoughDurabilityABlankIsWritten" fullname="PencilKata.PencilTests.whenThereIsNotEnoughDurabilityABlankIsWritten" methodname="whenThereIsNotEnoughDurabilityABlankIsWritten" classname="PencilKata.PencilTests" runstate="Runnable" seed="27040823" result="Passed" start-time="2018-11-06 19:39:45Z" end-time="2018-11-06 19:39:45Z" duration="0.000110" asserts="1" />
      </test-suite>
    </test-suite>
  </test-suite>
</test-run>