<?xml version="1.0" encoding="utf-8"?>
<test-run id="2" name="PencilKata.exe" fullname="PencilKata.exe" testcasecount="19" result="Passed" start-time="2018-11-06 20:06:00Z" end-time="2018-11-06 20:06:00Z" duration="0.042140" total="19" passed="19" failed="0" inconclusive="0" skipped="0" asserts="22" random-seed="1782303139">
  <command-line><![CDATA["C:\Users\bacon\Documents\GitHub\Pencil-Durability-Kata\PencilKata\PencilKata\bin\Debug\PencilKata.exe" ]]></command-line>
  <filter />
  <test-suite type="Assembly" id="1020" name="PencilKata.exe" fullname="PencilKata.exe" runstate="Runnable" testcasecount="19" result="Passed" start-time="2018-11-06 20:06:00Z" end-time="2018-11-06 20:06:00Z" duration="0.042140" total="19" passed="19" failed="0" warnings="0" inconclusive="0" skipped="0" asserts="22">
    <environment framework-version="3.11.0.0" clr-version="4.0.30319.42000" os-version="Microsoft Windows NT 10.0.17134" platform="Win32NT" cwd="C:\Users\bacon\Documents\GitHub\Pencil-Durability-Kata\PencilKata\PencilKata\bin\Debug" machine-name="JACOBSDESKTOP" user="bacon" user-domain="JACOBSDESKTOP" culture="en-US" uiculture="en-US" os-architecture="x86" />
    <settings>
      <setting name="WorkDirectory" value="C:\Users\bacon\Documents\GitHub\Pencil-Durability-Kata\PencilKata\PencilKata\bin\Debug" />
      <setting name="NumberOfTestWorkers" value="8" />
    </settings>
    <properties>
      <property name="_PID" value="8912" />
      <property name="_APPDOMAIN" value="PencilKata.exe" />
    </properties>
    <test-suite type="TestSuite" id="1021" name="PencilKata" fullname="PencilKata" runstate="Runnable" testcasecount="19" result="Passed" start-time="2018-11-06 20:06:00Z" end-time="2018-11-06 20:06:00Z" duration="0.032640" total="19" passed="19" failed="0" warnings="0" inconclusive="0" skipped="0" asserts="22">
      <test-suite type="TestFixture" id="1000" name="PencilTests" fullname="PencilKata.PencilTests" classname="PencilKata.PencilTests" runstate="Runnable" testcasecount="19" result="Passed" start-time="2018-11-06 20:06:00Z" end-time="2018-11-06 20:06:00Z" duration="0.029784" total="19" passed="19" failed="0" warnings="0" inconclusive="0" skipped="0" asserts="22">
        <test-case id="1002" name="whenALowercaseLetterIsWrittenDurabilityDegradesByOne" fullname="PencilKata.PencilTests.whenALowercaseLetterIsWrittenDurabilityDegradesByOne" methodname="whenALowercaseLetterIsWrittenDurabilityDegradesByOne" classname="PencilKata.PencilTests" runstate="Runnable" seed="531306412" result="Passed" start-time="2018-11-06 20:06:00Z" end-time="2018-11-06 20:06:00Z" duration="0.020112" asserts="2" />
        <test-case id="1003" name="whenAnUppercaseLetterIsWrittenDurabilityDegradesByTwo" fullname="PencilKata.PencilTests.whenAnUppercaseLetterIsWrittenDurabilityDegradesByTwo" methodname="whenAnUppercaseLetterIsWrittenDurabilityDegradesByTwo" classname="PencilKata.PencilTests" runstate="Runnable" seed="1057922739" result="Passed" start-time="2018-11-06 20:06:00Z" end-time="2018-11-06 20:06:00Z" duration="0.000397" asserts="2" />
        <test-case id="1015" name="whenEditingAPaperPointStillDegrades" fullname="PencilKata.PencilTests.whenEditingAPaperPointStillDegrades" methodname="whenEditingAPaperPointStillDegrades" classname="PencilKata.PencilTests" runstate="Runnable" seed="658693934" result="Passed" start-time="2018-11-06 20:06:00Z" end-time="2018-11-06 20:06:00Z" duration="0.000646" asserts="1" />
        <test-case id="1013" name="whenEditingASpaceWithAStringThatIsTooLongUseTheAtSymbolInstead" fullname="PencilKata.PencilTests.whenEditingASpaceWithAStringThatIsTooLongUseTheAtSymbolInstead" methodname="whenEditingASpaceWithAStringThatIsTooLongUseTheAtSymbolInstead" classname="PencilKata.PencilTests" runstate="Runnable" seed="744823833" result="Passed" start-time="2018-11-06 20:06:00Z" end-time="2018-11-06 20:06:00Z" duration="0.000140" asserts="1" />
        <test-case id="1011" name="whenEraserDurabilityIsZeroErasingStops" fullname="PencilKata.PencilTests.whenEraserDurabilityIsZeroErasingStops" methodname="whenEraserDurabilityIsZeroErasingStops" classname="PencilKata.PencilTests" runstate="Runnable" seed="837039781" result="Passed" start-time="2018-11-06 20:06:00Z" end-time="2018-11-06 20:06:00Z" duration="0.000418" asserts="1" />
        <test-case id="1010" name="whenEraserIsUsedDegradeEraserDurabilityByOnePerCharacter" fullname="PencilKata.PencilTests.whenEraserIsUsedDegradeEraserDurabilityByOnePerCharacter" methodname="whenEraserIsUsedDegradeEraserDurabilityByOnePerCharacter" classname="PencilKata.PencilTests" runstate="Runnable" seed="189242481" result="Passed" start-time="2018-11-06 20:06:00Z" end-time="2018-11-06 20:06:00Z" duration="0.000223" asserts="1" />
        <test-case id="1012" name="whenGivenAStringEditWritesThatStringInTheFirstBlankSpace" fullname="PencilKata.PencilTests.whenGivenAStringEditWritesThatStringInTheFirstBlankSpace" methodname="whenGivenAStringEditWritesThatStringInTheFirstBlankSpace" classname="PencilKata.PencilTests" runstate="Runnable" seed="912489332" result="Passed" start-time="2018-11-06 20:06:00Z" end-time="2018-11-06 20:06:00Z" duration="0.000124" asserts="1" />
        <test-case id="1019" name="whenGivenAStringThatStartsWithABlankSpaceEditWillNotLeaveABlankAtTheBeginningOfTheString" fullname="PencilKata.PencilTests.whenGivenAStringThatStartsWithABlankSpaceEditWillNotLeaveABlankAtTheBeginningOfTheString" methodname="whenGivenAStringThatStartsWithABlankSpaceEditWillNotLeaveABlankAtTheBeginningOfTheString" classname="PencilKata.PencilTests" runstate="Runnable" seed="287391866" result="Passed" start-time="2018-11-06 20:06:00Z" end-time="2018-11-06 20:06:00Z" duration="0.000120" asserts="1" />
        <test-case id="1009" name="whenGivenAStringToEraseThatIsNotInTheStartingStringReturnTheStartingString" fullname="PencilKata.PencilTests.whenGivenAStringToEraseThatIsNotInTheStartingStringReturnTheStartingString" methodname="whenGivenAStringToEraseThatIsNotInTheStartingStringReturnTheStartingString" classname="PencilKata.PencilTests" runstate="Runnable" seed="1820897604" result="Passed" start-time="2018-11-06 20:06:00Z" end-time="2018-11-06 20:06:00Z" duration="0.000129" asserts="1" />
        <test-case id="1008" name="whenGivenTwoStringsReplaceTheLastInstanceOfTheFirstStringInTheSecondStringWithBlankSpaces" fullname="PencilKata.PencilTests.whenGivenTwoStringsReplaceTheLastInstanceOfTheFirstStringInTheSecondStringWithBlankSpaces" methodname="whenGivenTwoStringsReplaceTheLastInstanceOfTheFirstStringInTheSecondStringWithBlankSpaces" classname="PencilKata.PencilTests" runstate="Runnable" seed="1082385480" result="Passed" start-time="2018-11-06 20:06:00Z" end-time="2018-11-06 20:06:00Z" duration="0.000122" asserts="1" />
        <test-case id="1014" name="whenNonLetterCharactersAreWrittenPointDurabilityDegradesByOne" fullname="PencilKata.PencilTests.whenNonLetterCharactersAreWrittenPointDurabilityDegradesByOne" methodname="whenNonLetterCharactersAreWrittenPointDurabilityDegradesByOne" classname="PencilKata.PencilTests" runstate="Runnable" seed="879146320" result="Passed" start-time="2018-11-06 20:06:00Z" end-time="2018-11-06 20:06:00Z" duration="0.000185" asserts="1" />
        <test-case id="1018" name="whenPassedABlankSpaceThatDoesNotExistEditWillNotEditAnything" fullname="PencilKata.PencilTests.whenPassedABlankSpaceThatDoesNotExistEditWillNotEditAnything" methodname="whenPassedABlankSpaceThatDoesNotExistEditWillNotEditAnything" classname="PencilKata.PencilTests" runstate="Runnable" seed="1673712609" result="Passed" start-time="2018-11-06 20:06:00Z" end-time="2018-11-06 20:06:00Z" duration="0.000127" asserts="1" />
        <test-case id="1017" name="whenPassedIntegerNEditWillEditTheNthBlankSpace" fullname="PencilKata.PencilTests.whenPassedIntegerNEditWillEditTheNthBlankSpace" methodname="whenPassedIntegerNEditWillEditTheNthBlankSpace" classname="PencilKata.PencilTests" runstate="Runnable" seed="1519516275" result="Passed" start-time="2018-11-06 20:06:00Z" end-time="2018-11-06 20:06:00Z" duration="0.000098" asserts="1" />
        <test-case id="1001" name="whenPencilIsPassedTwoStringsItAppendsTheFirstStringOntoTheSecondString" fullname="PencilKata.PencilTests.whenPencilIsPassedTwoStringsItAppendsTheFirstStringOntoTheSecondString" methodname="whenPencilIsPassedTwoStringsItAppendsTheFirstStringOntoTheSecondString" classname="PencilKata.PencilTests" runstate="Runnable" seed="1396324769" result="Passed" start-time="2018-11-06 20:06:00Z" end-time="2018-11-06 20:06:00Z" duration="0.000089" asserts="1" />
        <test-case id="1006" name="whenPencilIsSharpenedLengthIsReducedByOne" fullname="PencilKata.PencilTests.whenPencilIsSharpenedLengthIsReducedByOne" methodname="whenPencilIsSharpenedLengthIsReducedByOne" classname="PencilKata.PencilTests" runstate="Runnable" seed="1121834352" result="Passed" start-time="2018-11-06 20:06:00Z" end-time="2018-11-06 20:06:00Z" duration="0.000218" asserts="1" />
        <test-case id="1007" name="whenPencilLengthIsZeroPencilCannotBeSharpened" fullname="PencilKata.PencilTests.whenPencilLengthIsZeroPencilCannotBeSharpened" methodname="whenPencilLengthIsZeroPencilCannotBeSharpened" classname="PencilKata.PencilTests" runstate="Runnable" seed="1944816717" result="Passed" start-time="2018-11-06 20:06:00Z" end-time="2018-11-06 20:06:00Z" duration="0.000139" asserts="1" />
        <test-case id="1016" name="whenPointDurabilityIsAtZeroEditingStops" fullname="PencilKata.PencilTests.whenPointDurabilityIsAtZeroEditingStops" methodname="whenPointDurabilityIsAtZeroEditingStops" classname="PencilKata.PencilTests" runstate="Runnable" seed="853457866" result="Passed" start-time="2018-11-06 20:06:00Z" end-time="2018-11-06 20:06:00Z" duration="0.000109" asserts="1" />
        <test-case id="1004" name="whenSharpenedDurabilityIsReset" fullname="PencilKata.PencilTests.whenSharpenedDurabilityIsReset" methodname="whenSharpenedDurabilityIsReset" classname="PencilKata.PencilTests" runstate="Runnable" seed="936465934" result="Passed" start-time="2018-11-06 20:06:00Z" end-time="2018-11-06 20:06:00Z" duration="0.000237" asserts="2" />
        <test-case id="1005" name="whenThereIsNotEnoughDurabilityABlankIsWritten" fullname="PencilKata.PencilTests.whenThereIsNotEnoughDurabilityABlankIsWritten" methodname="whenThereIsNotEnoughDurabilityABlankIsWritten" classname="PencilKata.PencilTests" runstate="Runnable" seed="1028679917" result="Passed" start-time="2018-11-06 20:06:00Z" end-time="2018-11-06 20:06:00Z" duration="0.000178" asserts="1" />
      </test-suite>
    </test-suite>
  </test-suite>
</test-run>