<?xml version="1.0" encoding="utf-8"?>
<test-run id="2" name="PencilKata.exe" fullname="PencilKata.exe" testcasecount="18" result="Passed" start-time="2018-11-06 19:57:18Z" end-time="2018-11-06 19:57:18Z" duration="0.042786" total="18" passed="18" failed="0" inconclusive="0" skipped="0" asserts="21" random-seed="644505968">
  <command-line><![CDATA["C:\Users\bacon\Documents\GitHub\Pencil-Durability-Kata\PencilKata\PencilKata\bin\Debug\PencilKata.exe" ]]></command-line>
  <filter />
  <test-suite type="Assembly" id="1019" name="PencilKata.exe" fullname="PencilKata.exe" runstate="Runnable" testcasecount="18" result="Passed" start-time="2018-11-06 19:57:18Z" end-time="2018-11-06 19:57:18Z" duration="0.042786" total="18" passed="18" failed="0" warnings="0" inconclusive="0" skipped="0" asserts="21">
    <environment framework-version="3.11.0.0" clr-version="4.0.30319.42000" os-version="Microsoft Windows NT 10.0.17134" platform="Win32NT" cwd="C:\Users\bacon\Documents\GitHub\Pencil-Durability-Kata\PencilKata\PencilKata\bin\Debug" machine-name="JACOBSDESKTOP" user="bacon" user-domain="JACOBSDESKTOP" culture="en-US" uiculture="en-US" os-architecture="x86" />
    <settings>
      <setting name="WorkDirectory" value="C:\Users\bacon\Documents\GitHub\Pencil-Durability-Kata\PencilKata\PencilKata\bin\Debug" />
      <setting name="NumberOfTestWorkers" value="8" />
    </settings>
    <properties>
      <property name="_PID" value="16824" />
      <property name="_APPDOMAIN" value="PencilKata.exe" />
    </properties>
    <test-suite type="TestSuite" id="1020" name="PencilKata" fullname="PencilKata" runstate="Runnable" testcasecount="18" result="Passed" start-time="2018-11-06 19:57:18Z" end-time="2018-11-06 19:57:18Z" duration="0.034415" total="18" passed="18" failed="0" warnings="0" inconclusive="0" skipped="0" asserts="21">
      <test-suite type="TestFixture" id="1000" name="PencilTests" fullname="PencilKata.PencilTests" classname="PencilKata.PencilTests" runstate="Runnable" testcasecount="18" result="Passed" start-time="2018-11-06 19:57:18Z" end-time="2018-11-06 19:57:18Z" duration="0.031891" total="18" passed="18" failed="0" warnings="0" inconclusive="0" skipped="0" asserts="21">
        <test-case id="1002" name="whenALowercaseLetterIsWrittenDurabilityDegradesByOne" fullname="PencilKata.PencilTests.whenALowercaseLetterIsWrittenDurabilityDegradesByOne" methodname="whenALowercaseLetterIsWrittenDurabilityDegradesByOne" classname="PencilKata.PencilTests" runstate="Runnable" seed="651093222" result="Passed" start-time="2018-11-06 19:57:18Z" end-time="2018-11-06 19:57:18Z" duration="0.022991" asserts="2" />
        <test-case id="1003" name="whenAnUppercaseLetterIsWrittenDurabilityDegradesByTwo" fullname="PencilKata.PencilTests.whenAnUppercaseLetterIsWrittenDurabilityDegradesByTwo" methodname="whenAnUppercaseLetterIsWrittenDurabilityDegradesByTwo" classname="PencilKata.PencilTests" runstate="Runnable" seed="1999600529" result="Passed" start-time="2018-11-06 19:57:18Z" end-time="2018-11-06 19:57:18Z" duration="0.000180" asserts="2" />
        <test-case id="1015" name="whenEditingAPaperPointStillDegrades" fullname="PencilKata.PencilTests.whenEditingAPaperPointStillDegrades" methodname="whenEditingAPaperPointStillDegrades" classname="PencilKata.PencilTests" runstate="Runnable" seed="1045633927" result="Passed" start-time="2018-11-06 19:57:18Z" end-time="2018-11-06 19:57:18Z" duration="0.000444" asserts="1" />
        <test-case id="1013" name="whenEditingASpaceWithAStringThatIsTooLongUseTheAtSymbolInstead" fullname="PencilKata.PencilTests.whenEditingASpaceWithAStringThatIsTooLongUseTheAtSymbolInstead" methodname="whenEditingASpaceWithAStringThatIsTooLongUseTheAtSymbolInstead" classname="PencilKata.PencilTests" runstate="Runnable" seed="1834249955" result="Passed" start-time="2018-11-06 19:57:18Z" end-time="2018-11-06 19:57:18Z" duration="0.000098" asserts="1" />
        <test-case id="1011" name="whenEraserDurabilityIsZeroErasingStops" fullname="PencilKata.PencilTests.whenEraserDurabilityIsZeroErasingStops" methodname="whenEraserDurabilityIsZeroErasingStops" classname="PencilKata.PencilTests" runstate="Runnable" seed="534253780" result="Passed" start-time="2018-11-06 19:57:18Z" end-time="2018-11-06 19:57:18Z" duration="0.000283" asserts="1" />
        <test-case id="1010" name="whenEraserIsUsedDegradeEraserDurabilityByOnePerCharacter" fullname="PencilKata.PencilTests.whenEraserIsUsedDegradeEraserDurabilityByOnePerCharacter" methodname="whenEraserIsUsedDegradeEraserDurabilityByOnePerCharacter" classname="PencilKata.PencilTests" runstate="Runnable" seed="595799201" result="Passed" start-time="2018-11-06 19:57:18Z" end-time="2018-11-06 19:57:18Z" duration="0.000181" asserts="1" />
        <test-case id="1012" name="whenGivenAStringEditWritesThatStringInTheFirstBlankSpace" fullname="PencilKata.PencilTests.whenGivenAStringEditWritesThatStringInTheFirstBlankSpace" methodname="whenGivenAStringEditWritesThatStringInTheFirstBlankSpace" classname="PencilKata.PencilTests" runstate="Runnable" seed="2097061934" result="Passed" start-time="2018-11-06 19:57:18Z" end-time="2018-11-06 19:57:18Z" duration="0.000098" asserts="1" />
        <test-case id="1009" name="whenGivenAStringToEraseThatIsNotInTheStartingStringReturnTheStartingString" fullname="PencilKata.PencilTests.whenGivenAStringToEraseThatIsNotInTheStartingStringReturnTheStartingString" methodname="whenGivenAStringToEraseThatIsNotInTheStartingStringReturnTheStartingString" classname="PencilKata.PencilTests" runstate="Runnable" seed="1832692429" result="Passed" start-time="2018-11-06 19:57:18Z" end-time="2018-11-06 19:57:18Z" duration="0.000090" asserts="1" />
        <test-case id="1008" name="whenGivenTwoStringsReplaceTheLastInstanceOfTheFirstStringInTheSecondStringWithBlankSpaces" fullname="PencilKata.PencilTests.whenGivenTwoStringsReplaceTheLastInstanceOfTheFirstStringInTheSecondStringWithBlankSpaces" methodname="whenGivenTwoStringsReplaceTheLastInstanceOfTheFirstStringInTheSecondStringWithBlankSpaces" classname="PencilKata.PencilTests" runstate="Runnable" seed="1467950501" result="Passed" start-time="2018-11-06 19:57:18Z" end-time="2018-11-06 19:57:18Z" duration="0.000097" asserts="1" />
        <test-case id="1014" name="whenNonLetterCharactersAreWrittenPointDurabilityDegradesByOne" fullname="PencilKata.PencilTests.whenNonLetterCharactersAreWrittenPointDurabilityDegradesByOne" methodname="whenNonLetterCharactersAreWrittenPointDurabilityDegradesByOne" classname="PencilKata.PencilTests" runstate="Runnable" seed="1445321381" result="Passed" start-time="2018-11-06 19:57:18Z" end-time="2018-11-06 19:57:18Z" duration="0.000108" asserts="1" />
        <test-case id="1018" name="whenPassedABlankSpaceThatDoesNotExistEditWillNotEditAnything" fullname="PencilKata.PencilTests.whenPassedABlankSpaceThatDoesNotExistEditWillNotEditAnything" methodname="whenPassedABlankSpaceThatDoesNotExistEditWillNotEditAnything" classname="PencilKata.PencilTests" runstate="Runnable" seed="1567529994" result="Passed" start-time="2018-11-06 19:57:18Z" end-time="2018-11-06 19:57:18Z" duration="0.000092" asserts="1" />
        <test-case id="1017" name="whenPassedIntegerNEditWillEditTheNthBlankSpace" fullname="PencilKata.PencilTests.whenPassedIntegerNEditWillEditTheNthBlankSpace" methodname="whenPassedIntegerNEditWillEditTheNthBlankSpace" classname="PencilKata.PencilTests" runstate="Runnable" seed="1349955644" result="Passed" start-time="2018-11-06 19:57:18Z" end-time="2018-11-06 19:57:18Z" duration="0.000083" asserts="1" />
        <test-case id="1001" name="whenPencilIsPassedTwoStringsItAppendsTheFirstStringOntoTheSecondString" fullname="PencilKata.PencilTests.whenPencilIsPassedTwoStringsItAppendsTheFirstStringOntoTheSecondString" methodname="whenPencilIsPassedTwoStringsItAppendsTheFirstStringOntoTheSecondString" classname="PencilKata.PencilTests" runstate="Runnable" seed="691135198" result="Passed" start-time="2018-11-06 19:57:18Z" end-time="2018-11-06 19:57:18Z" duration="0.000086" asserts="1" />
        <test-case id="1006" name="whenPencilIsSharpenedLengthIsReducedByOne" fullname="PencilKata.PencilTests.whenPencilIsSharpenedLengthIsReducedByOne" methodname="whenPencilIsSharpenedLengthIsReducedByOne" classname="PencilKata.PencilTests" runstate="Runnable" seed="592355901" result="Passed" start-time="2018-11-06 19:57:18Z" end-time="2018-11-06 19:57:18Z" duration="0.000211" asserts="1" />
        <test-case id="1007" name="whenPencilLengthIsZeroPencilCannotBeSharpened" fullname="PencilKata.PencilTests.whenPencilLengthIsZeroPencilCannotBeSharpened" methodname="whenPencilLengthIsZeroPencilCannotBeSharpened" classname="PencilKata.PencilTests" runstate="Runnable" seed="808144653" result="Passed" start-time="2018-11-06 19:57:18Z" end-time="2018-11-06 19:57:18Z" duration="0.000117" asserts="1" />
        <test-case id="1016" name="whenPointDurabilityIsAtZeroEditingStops" fullname="PencilKata.PencilTests.whenPointDurabilityIsAtZeroEditingStops" methodname="whenPointDurabilityIsAtZeroEditingStops" classname="PencilKata.PencilTests" runstate="Runnable" seed="1623557800" result="Passed" start-time="2018-11-06 19:57:18Z" end-time="2018-11-06 19:57:18Z" duration="0.000106" asserts="1" />
        <test-case id="1004" name="whenSharpenedDurabilityIsReset" fullname="PencilKata.PencilTests.whenSharpenedDurabilityIsReset" methodname="whenSharpenedDurabilityIsReset" classname="PencilKata.PencilTests" runstate="Runnable" seed="1780110535" result="Passed" start-time="2018-11-06 19:57:18Z" end-time="2018-11-06 19:57:18Z" duration="0.000165" asserts="2" />
        <test-case id="1005" name="whenThereIsNotEnoughDurabilityABlankIsWritten" fullname="PencilKata.PencilTests.whenThereIsNotEnoughDurabilityABlankIsWritten" methodname="whenThereIsNotEnoughDurabilityABlankIsWritten" classname="PencilKata.PencilTests" runstate="Runnable" seed="1438767265" result="Passed" start-time="2018-11-06 19:57:18Z" end-time="2018-11-06 19:57:18Z" duration="0.000103" asserts="1" />
      </test-suite>
    </test-suite>
  </test-suite>
</test-run>